<html>
<body>
<pre>
<h1>µVision Build Log</h1>
<h2>Tool Versions:</h2>
IDE-Version: ¦ÌVision V5.38.0.0
Copyright (C) 2022 ARM Ltd and ARM Germany GmbH. All rights reserved.
License Information: 111 linxiyue, 111, LIC=NQZI6-DHUWV-1C1JA-12X5H-J9CMN-1XGAJ
 
Tool Versions:
Toolchain:       PK51 Prof. Developers Kit  Version: 9.60.7.0
Toolchain Path:  C:\Keil_v5\C51\BIN
C Compiler:      C51.exe V9.60.7.0
Assembler:       A51.exe V8.2.7.0
Linker/Locator:  BL51.exe V6.22.4.0
Library Manager: LIB51.exe V4.30.1.0
Hex Converter:   OH51.exe V2.7.0.0
CPU DLL:         S8051.DLL V3.125.1.0
Dialog DLL:      DP51.DLL V2.69.0.0 
<h2>Project:</h2>
C:\Users\linxiyue\Documents\GitHub\51smartcar\51smartcar.uvproj
Project File Date:  12/11/2024

<h2>Output:</h2>
Build target 'Target 1'
compiling car_go.c...
compiling main.c...
Delay_ms.h(4): error C132: '_Delay_ms': not in formal parameter list
trace.h(4): error C132: 'traceline': not in formal parameter list
main.c(7): error C244: 'flag1': can't initialize, bad type or class
main.c(7): error C132: 'flag1': not in formal parameter list
main.c(8): error C244: 'flag2': can't initialize, bad type or class
main.c(8): error C132: 'flag2': not in formal parameter list
main.c(11): error C132: 'main': not in formal parameter list
main.c(11): error C141: syntax error near '{', expected ';'
main.c(12): error C132: 'Timer0_Init': not in formal parameter list
main.c(14): error C141: syntax error near 'while', expected 'hdata'
main.c(14): error C141: syntax error near '1', expected 'hdata'
main.c(17): error C141: syntax error near '20', expected 'bit'
main.c(17): error C231: '_car_go': redefinition
main.c(20): error C141: syntax error near 'if', expected 'hdata'
main.c(20): error C141: syntax error near '=', expected ')'
main.c(22): error C141: syntax error near '10', expected 'bit'
main.c(24): error C231: 'car_stop': redefinition
main.c(25): error C141: syntax error near '1000', expected 'bit'
main.c(26): error C141: syntax error near '}', expected 'hdata'
main.c(31): error C141: syntax error near '=', expected ')'
main.c(34): error C141: syntax error near '}', expected 'hdata'
compiling trace.c...
Delay_ms.h(4): error C132: '_Delay_ms': not in formal parameter list
trace.c(5): error C141: syntax error near 'sbit', expected 'hdata'
trace.c(5): error C141: syntax error near ';', expected 'sizeof'
trace.c(6): error C202: 'left2': undefined identifier
trace.c(6): error C141: syntax error near ';', expected 'sizeof'
trace.c(7): error C141: syntax error near ';', expected 'sizeof'
trace.c(8): error C141: syntax error near ';', expected 'sizeof'
trace.c(9): error C141: syntax error near ';', expected 'sizeof'
trace.c(11): error C141: syntax error near ';', expected 'sizeof'
trace.c(19): error C202: 'xjxs': undefined identifier
trace.c(20): error C202: 'left1': undefined identifier
trace.c(22): error C202: 'xjxs': undefined identifier
trace.c(23): error C202: 'left1': undefined identifier
trace.c(25): error C202: 'xjxs': undefined identifier
trace.c(26): error C202: 'left1': undefined identifier
trace.c(28): error C202: 'xjxs': undefined identifier
trace.c(29): error C202: 'left1': undefined identifier
trace.c(31): error C202: 'xjxs': undefined identifier
trace.c(32): error C202: 'left1': undefined identifier
trace.c(34): error C202: 'xjxs': undefined identifier
trace.c(35): error C202: 'left1': undefined identifier
trace.c(37): error C202: 'xjxs': undefined identifier
trace.c(38): error C202: 'left1': undefined identifier
trace.c(40): error C202: 'xjxs': undefined identifier
trace.c(41): error C202: 'left1': undefined identifier
trace.c(43): error C202: 'xjxs': undefined identifier
trace.c(44): error C202: 'left1': undefined identifier
trace.c(46): error C202: 'xjxs': undefined identifier
trace.c(47): error C202: 'left1': undefined identifier
trace.c(49): error C202: 'xjxs': undefined identifier
trace.c(58): error C202: 'xjxs': undefined identifier
compiling Delay_ms.c...
Target not created.
Build Time Elapsed:  00:00:00
</pre>
</body>
</html>
